<?xml version="1.0" encoding="UTF-8"?>
<!-- Generated by org.testng.reporters.JUnitReportReporter -->
<testsuite skipped="0" hostname="CBT-MH-000" name="Demo2.Bangloreweather" tests="1" failures="0" timestamp="25 Oct 2019 09:04:10 GMT" time="0.649" errors="0">
  <testcase name="getWeather" time="0.649" classname="Demo2.Bangloreweather"/>
</testsuite> <!-- Demo2.Bangloreweather -->
