<?xml version="1.0" encoding="UTF-8"?>
<!-- Generated by org.testng.reporters.JUnitReportReporter -->
<testsuite skipped="0" hostname="CBT-MH-000" name="Demo2.CreateUser" tests="1" failures="0" timestamp="23 Oct 2019 11:54:33 GMT" time="4.515" errors="0">
  <testcase name="createTweet" time="4.515" classname="Demo2.CreateUser"/>
</testsuite> <!-- Demo2.CreateUser -->
