<?xml version="1.0" encoding="UTF-8"?>
<!-- Generated by org.testng.reporters.JUnitReportReporter -->
<testsuite skipped="0" hostname="CBT-MH-000" name="Demo2.Twiiiter" tests="1" failures="0" timestamp="23 Oct 2019 11:25:49 GMT" time="3.822" errors="0">
  <testcase name="searchTweet" time="3.822" classname="Demo2.Twiiiter"/>
</testsuite> <!-- Demo2.Twiiiter -->
