<?xml version="1.0" encoding="UTF-8"?>
<!-- Generated by org.testng.reporters.JUnitReportReporter -->
<testsuite skipped="0" hostname="CBT-MH-000" name="Demo2.Search" tests="1" failures="0" timestamp="25 Oct 2019 09:04:10 GMT" time="3.684" errors="0">
  <testcase name="searchTweet" time="3.684" classname="Demo2.Search"/>
</testsuite> <!-- Demo2.Search -->
