<?xml version="1.0" encoding="UTF-8"?>
<!-- Generated by org.testng.reporters.JUnitReportReporter -->
<testsuite skipped="0" hostname="CBT-MH-000" name="Demo2.Banglorewhether" tests="1" failures="0" timestamp="12 Oct 2019 11:16:50 GMT" time="3.727" errors="0">
  <testcase name="getTweet" time="3.727" classname="Demo2.Banglorewhether"/>
</testsuite> <!-- Demo2.Banglorewhether -->
