<?xml version="1.0" encoding="UTF-8"?>
<!-- Generated by org.testng.reporters.JUnitReportReporter -->
<testsuite skipped="0" hostname="CBT-MH-000" name="Demo2.First" tests="1" failures="0" timestamp="25 Oct 2019 09:04:10 GMT" time="0.779" errors="0">
  <testcase name="createTweet" time="0.779" classname="Demo2.First"/>
</testsuite> <!-- Demo2.First -->
